<?xml version="1.0" encoding="UTF-8"?>
<!-- Generated by org.testng.reporters.JUnitXMLReporter -->
<testsuite hostname="JAYALAKSHMI" ignored="0" name="Default test" tests="9" failures="0" timestamp="2022-12-15T12:57:39 IST" time="10.566" errors="0">
  <testcase name="getaccesstoken" time="5.383" classname="UpskillsRestapi.Restapi"/>
  <testcase name="register" time="0.914" classname="UpskillsRestapi.Restapi"/>
  <testcase name="login" time="0.56" classname="UpskillsRestapi.Restapi"/>
  <testcase name="logout" time="0.661" classname="UpskillsRestapi.Restapi"/>
  <testcase name="forgotpassword" time="0.676" classname="UpskillsRestapi.Restapi"/>
  <testcase name="login1" time="0.542" classname="UpskillsRestapi.Restapi"/>
  <testcase name="getaccountdetails" time="0.674" classname="UpskillsRestapi.Restapi"/>
  <testcase name="updateaccountdata" time="0.539" classname="UpskillsRestapi.Restapi"/>
  <testcase name="logout1" time="0.522" classname="UpskillsRestapi.Restapi"/>
</testsuite> <!-- Default test -->
